<?xml version="1.0" encoding="UTF-8"?>
<!-- Generated by org.testng.reporters.JUnitReportReporter -->
<testsuite hostname="pc1" name="jbk.log.traning" tests="1" failures="0" timestamp="29 Jan 2018 11:36:12 GMT" time="1.002" errors="0">
  <testcase name="hello" time="1.002" classname="jbk.log.traning"/>
</testsuite> <!-- jbk.log.traning -->
