<?xml version="1.0" encoding="UTF-8"?>
<!-- Generated by org.testng.reporters.JUnitReportReporter -->
<testsuite hostname="pc1" name="frontpage.readexcel" tests="1" failures="0" timestamp="9 Jan 2018 05:12:49 GMT" time="2.296" errors="0">
  <testcase name="readExecl" time="2.296" classname="frontpage.readexcel"/>
</testsuite> <!-- frontpage.readexcel -->
