<?xml version="1.0" encoding="UTF-8"?>
<!-- Generated by org.testng.reporters.JUnitReportReporter -->
<testsuite hostname="pc1" name="frontpage.hello" tests="1" failures="0" timestamp="7 Feb 2018 13:59:47 GMT" time="39.956" errors="0">
  <testcase name="test" time="39.956" classname="frontpage.hello"/>
</testsuite> <!-- frontpage.hello -->
