<?xml version="1.0" encoding="UTF-8"?>
<!-- Generated by org.testng.reporters.JUnitReportReporter -->
<testsuite hostname="pc1" name="jbk.log.onlinejbk" tests="3" failures="0" timestamp="29 Jan 2018 16:47:04 GMT" time="130.444" errors="3">
  <testcase name="url_up" time="0.010" classname="jbk.log.onlinejbk">
    <error type="java.lang.NullPointerException">
      <![CDATA[java.lang.NullPointerException
	at jbk.log.jbklogin.geturl(jbklogin.java:38)
	at jbk.log.onlinejbk.url_up(onlinejbk.java:34)
	at sun.reflect.NativeMethodAccessorImpl.invoke0(Native Method)
	at sun.reflect.NativeMethodAccessorImpl.invoke(Unknown Source)
	at sun.reflect.DelegatingMethodAccessorImpl.invoke(Unknown Source)
	at java.lang.reflect.Method.invoke(Unknown Source)
	at org.testng.internal.MethodInvocationHelper.invokeMethod(MethodInvocationHelper.java:85)
	at org.testng.internal.Invoker.invokeMethod(Invoker.java:639)
	at org.testng.internal.Invoker.invokeTestMethod(Invoker.java:816)
	at org.testng.internal.Invoker.invokeTestMethods(Invoker.java:1124)
	at org.testng.internal.TestMethodWorker.invokeTestMethods(TestMethodWorker.java:125)
	at org.testng.internal.TestMethodWorker.run(TestMethodWorker.java:108)
	at org.testng.TestRunner.privateRun(TestRunner.java:774)
	at org.testng.TestRunner.run(TestRunner.java:624)
	at org.testng.SuiteRunner.runTest(SuiteRunner.java:359)
	at org.testng.SuiteRunner.runSequentially(SuiteRunner.java:354)
	at org.testng.SuiteRunner.privateRun(SuiteRunner.java:312)
	at org.testng.SuiteRunner.run(SuiteRunner.java:261)
	at org.testng.SuiteRunnerWorker.runSuite(SuiteRunnerWorker.java:52)
	at org.testng.SuiteRunnerWorker.run(SuiteRunnerWorker.java:86)
	at org.testng.TestNG.runSuitesSequentially(TestNG.java:1215)
	at org.testng.TestNG.runSuitesLocally(TestNG.java:1140)
	at org.testng.TestNG.run(TestNG.java:1048)
	at org.testng.remote.AbstractRemoteTestNG.run(AbstractRemoteTestNG.java:114)
	at org.testng.remote.RemoteTestNG.initAndRun(RemoteTestNG.java:251)
	at org.testng.remote.RemoteTestNG.main(RemoteTestNG.java:77)
]]>
    </error>
  </testcase> <!-- url_up -->
  <testcase name="linkchecker" time="0.009" classname="jbk.log.onlinejbk">
    <error type="java.lang.NullPointerException">
      <![CDATA[java.lang.NullPointerException
	at java.io.File.<init>(Unknown Source)
	at frontpage.readexcel.readExecl(readexcel.java:38)
	at jbk.log.onlinejbk.linkchecker(onlinejbk.java:40)
	at sun.reflect.NativeMethodAccessorImpl.invoke0(Native Method)
	at sun.reflect.NativeMethodAccessorImpl.invoke(Unknown Source)
	at sun.reflect.DelegatingMethodAccessorImpl.invoke(Unknown Source)
	at java.lang.reflect.Method.invoke(Unknown Source)
	at org.testng.internal.MethodInvocationHelper.invokeMethod(MethodInvocationHelper.java:85)
	at org.testng.internal.Invoker.invokeMethod(Invoker.java:639)
	at org.testng.internal.Invoker.invokeTestMethod(Invoker.java:816)
	at org.testng.internal.Invoker.invokeTestMethods(Invoker.java:1124)
	at org.testng.internal.TestMethodWorker.invokeTestMethods(TestMethodWorker.java:125)
	at org.testng.internal.TestMethodWorker.run(TestMethodWorker.java:108)
	at org.testng.TestRunner.privateRun(TestRunner.java:774)
	at org.testng.TestRunner.run(TestRunner.java:624)
	at org.testng.SuiteRunner.runTest(SuiteRunner.java:359)
	at org.testng.SuiteRunner.runSequentially(SuiteRunner.java:354)
	at org.testng.SuiteRunner.privateRun(SuiteRunner.java:312)
	at org.testng.SuiteRunner.run(SuiteRunner.java:261)
	at org.testng.SuiteRunnerWorker.runSuite(SuiteRunnerWorker.java:52)
	at org.testng.SuiteRunnerWorker.run(SuiteRunnerWorker.java:86)
	at org.testng.TestNG.runSuitesSequentially(TestNG.java:1215)
	at org.testng.TestNG.runSuitesLocally(TestNG.java:1140)
	at org.testng.TestNG.run(TestNG.java:1048)
	at org.testng.remote.AbstractRemoteTestNG.run(AbstractRemoteTestNG.java:114)
	at org.testng.remote.RemoteTestNG.initAndRun(RemoteTestNG.java:251)
	at org.testng.remote.RemoteTestNG.main(RemoteTestNG.java:77)
]]>
    </error>
  </testcase> <!-- linkchecker -->
  <testcase name="Browser_up" time="130.425" classname="jbk.log.onlinejbk">
    <error type="org.openqa.selenium.WebDriverException" message="Failed to connect to binary FirefoxBinary(C:\Program Files (x86)\Mozilla Firefox\firefox.exe) on port 7057; process output follows: 
&quot;:1517244327733,&quot;updateDate&quot;:1517244327733,&quot;applyBackgroundUpdates&quot;:1,&quot;bootstrap&quot;:false,&quot;size&quot;:3236332,&quot;sourceURI&quot;:null,&quot;releaseNotesURI&quot;:null,&quot;softDisabled&quot;:false,&quot;foreignInstall&quot;:true,&quot;hasBinaryComponents&quot;:true,&quot;strictCompatibility&quot;:false,&quot;locales&quot;:[],&quot;targetApplications&quot;:[{&quot;id&quot;:&quot;{ec8030f7-c20a-464f-9b0e-13a3a9e97384}&quot;,&quot;minVersion&quot;:&quot;3.0&quot;,&quot;maxVersion&quot;:&quot;47.0&quot;}],&quot;targetPlatforms&quot;:[{&quot;os&quot;:&quot;Darwin&quot;,&quot;abi&quot;:null},{&quot;os&quot;:&quot;SunOS&quot;,&quot;abi&quot;:null},{&quot;os&quot;:&quot;FreeBSD&quot;,&quot;abi&quot;:null},{&quot;os&quot;:&quot;OpenBSD&quot;,&quot;abi&quot;:null},{&quot;os&quot;:&quot;WINNT&quot;,&quot;abi&quot;:null},{&quot;os&quot;:&quot;Linux&quot;,&quot;abi&quot;:null}],&quot;multiprocessCompatible&quot;:false,&quot;signedState&quot;:0}
1517244350191	addons.xpi	DEBUG	getModTime: Recursive scan of fxdriver@googlecode.com
1517244350230	addons.xpi	DEBUG	Updating XPIState for {&quot;id&quot;:&quot;{972ce4c6-7e08-4474-a285-3208198ce6fd}&quot;,&quot;syncGUID&quot;:&quot;WrxQ9h73Sqzy&quot;,&quot;location&quot;:&quot;app-global&quot;,&quot;version&quot;:&quot;43.0.1&quot;,&quot;type&quot;:&quot;theme&quot;,&quot;internalName&quot;:&quot;classic/1.0&quot;,&quot;updateURL&quot;:null,&quot;updateKey&quot;:null,&quot;optionsURL&quot;:null,&quot;optionsType&quot;:null,&quot;aboutURL&quot;:null,&quot;iconURL&quot;:null,&quot;icon64URL&quot;:null,&quot;defaultLocale&quot;:{&quot;name&quot;:&quot;Default&quot;,&quot;description&quot;:&quot;The default theme.&quot;,&quot;creator&quot;:&quot;Mozilla&quot;,&quot;homepageURL&quot;:null,&quot;contributors&quot;:[&quot;Mozilla Contributors&quot;]},&quot;visible&quot;:true,&quot;active&quot;:true,&quot;userDisabled&quot;:false,&quot;appDisabled&quot;:false,&quot;descriptor&quot;:&quot;C:\\Program Files (x86)\\Mozilla Firefox\\browser\\extensions\\{972ce4c6-7e08-4474-a285-3208198ce6fd}&quot;,&quot;installDate&quot;:1508997498102,&quot;updateDate&quot;:1508997498102,&quot;applyBackgroundUpdates&quot;:1,&quot;skinnable&quot;:true,&quot;size&quot;:24172,&quot;sourceURI&quot;:null,&quot;releaseNotesURI&quot;:null,&quot;softDisabled&quot;:false,&quot;foreignInstall&quot;:false,&quot;hasBinaryComponents&quot;:false,&quot;strictCompatibility&quot;:true,&quot;locales&quot;:[],&quot;targetApplications&quot;:[{&quot;id&quot;:&quot;{ec8030f7-c20a-464f-9b0e-13a3a9e97384}&quot;,&quot;minVersion&quot;:&quot;43.0.1&quot;,&quot;maxVersion&quot;:&quot;43.0.1&quot;}],&quot;targetPlatforms&quot;:[]}
1517244350231	addons.xpi	DEBUG	getModTime: Recursive scan of {972ce4c6-7e08-4474-a285-3208198ce6fd}
1517244350238	DeferredSave.extensions.json	DEBUG	Save changes
1517244350239	addons.xpi	DEBUG	Updating database with changes to installed add-ons
1517244350239	addons.xpi-utils	DEBUG	Updating add-on states
1517244350245	addons.xpi-utils	DEBUG	Writing add-ons list
1517244350314	addons.manager	DEBUG	Registering shutdown blocker for XPIProvider
1517244350316	addons.manager	DEBUG	Provider finished startup: XPIProvider
1517244350316	addons.manager	DEBUG	Starting provider: LightweightThemeManager
1517244350317	addons.manager	DEBUG	Registering shutdown blocker for LightweightThemeManager
1517244350318	addons.manager	DEBUG	Provider finished startup: LightweightThemeManager
1517244350320	addons.manager	DEBUG	Starting provider: GMPProvider
1517244351332	addons.manager	DEBUG	Registering shutdown blocker for GMPProvider
1517244351333	addons.manager	DEBUG	Provider finished startup: GMPProvider
1517244351333	addons.manager	DEBUG	Starting provider: PluginProvider
1517244351334	addons.manager	DEBUG	Registering shutdown blocker for PluginProvider
1517244351335	addons.manager	DEBUG	Provider finished startup: PluginProvider
1517244351336	addons.manager	DEBUG	Completed startup sequence
1517244360457	addons.manager	DEBUG	Starting provider: &lt;unnamed-provider&gt;
1517244360458	addons.manager	DEBUG	Registering shutdown blocker for &lt;unnamed-provider&gt;
1517244360458	addons.manager	DEBUG	Provider finished startup: &lt;unnamed-provider&gt;
1517244365108	DeferredSave.extensions.json	DEBUG	Starting write
1517244367274	addons.repository	DEBUG	No addons.json found.
1517244367276	DeferredSave.addons.json	DEBUG	Save changes
1517244367283	DeferredSave.addons.json	DEBUG	Starting timer
1517244367328	addons.manager	DEBUG	Starting provider: PreviousExperimentProvider
1517244367328	addons.manager	DEBUG	Registering shutdown blocker for PreviousExperimentProvider
1517244367329	addons.manager	DEBUG	Provider finished startup: PreviousExperimentProvider
1517244367361	DeferredSave.extensions.json	DEBUG	Write succeeded
1517244367361	addons.xpi-utils	DEBUG	XPI Database saved, setting schema version preference to 17
1517244367362	DeferredSave.addons.json	DEBUG	Starting write
1517244367463	DeferredSave.addons.json	DEBUG	Write succeeded

Build info: version: &#039;2.52.0&#039;, revision: &#039;4c2593c&#039;, time: &#039;2016-02-11 19:06:42&#039;
System info: host: &#039;pc1&#039;, ip: &#039;192.168.0.102&#039;, os.name: &#039;Windows 8.1&#039;, os.arch: &#039;amd64&#039;, os.version: &#039;6.3&#039;, java.version: &#039;1.8.0_131&#039;
Driver info: driver.version: FirefoxDriver">
      <![CDATA[org.openqa.selenium.WebDriverException: Failed to connect to binary FirefoxBinary(C:\Program Files (x86)\Mozilla Firefox\firefox.exe) on port 7057; process output follows: 
":1517244327733,"updateDate":1517244327733,"applyBackgroundUpdates":1,"bootstrap":false,"size":3236332,"sourceURI":null,"releaseNotesURI":null,"softDisabled":false,"foreignInstall":true,"hasBinaryComponents":true,"strictCompatibility":false,"locales":[],"targetApplications":[{"id":"{ec8030f7-c20a-464f-9b0e-13a3a9e97384}","minVersion":"3.0","maxVersion":"47.0"}],"targetPlatforms":[{"os":"Darwin","abi":null},{"os":"SunOS","abi":null},{"os":"FreeBSD","abi":null},{"os":"OpenBSD","abi":null},{"os":"WINNT","abi":null},{"os":"Linux","abi":null}],"multiprocessCompatible":false,"signedState":0}
1517244350191	addons.xpi	DEBUG	getModTime: Recursive scan of fxdriver@googlecode.com
1517244350230	addons.xpi	DEBUG	Updating XPIState for {"id":"{972ce4c6-7e08-4474-a285-3208198ce6fd}","syncGUID":"WrxQ9h73Sqzy","location":"app-global","version":"43.0.1","type":"theme","internalName":"classic/1.0","updateURL":null,"updateKey":null,"optionsURL":null,"optionsType":null,"aboutURL":null,"iconURL":null,"icon64URL":null,"defaultLocale":{"name":"Default","description":"The default theme.","creator":"Mozilla","homepageURL":null,"contributors":["Mozilla Contributors"]},"visible":true,"active":true,"userDisabled":false,"appDisabled":false,"descriptor":"C:\\Program Files (x86)\\Mozilla Firefox\\browser\\extensions\\{972ce4c6-7e08-4474-a285-3208198ce6fd}","installDate":1508997498102,"updateDate":1508997498102,"applyBackgroundUpdates":1,"skinnable":true,"size":24172,"sourceURI":null,"releaseNotesURI":null,"softDisabled":false,"foreignInstall":false,"hasBinaryComponents":false,"strictCompatibility":true,"locales":[],"targetApplications":[{"id":"{ec8030f7-c20a-464f-9b0e-13a3a9e97384}","minVersion":"43.0.1","maxVersion":"43.0.1"}],"targetPlatforms":[]}
1517244350231	addons.xpi	DEBUG	getModTime: Recursive scan of {972ce4c6-7e08-4474-a285-3208198ce6fd}
1517244350238	DeferredSave.extensions.json	DEBUG	Save changes
1517244350239	addons.xpi	DEBUG	Updating database with changes to installed add-ons
1517244350239	addons.xpi-utils	DEBUG	Updating add-on states
1517244350245	addons.xpi-utils	DEBUG	Writing add-ons list
1517244350314	addons.manager	DEBUG	Registering shutdown blocker for XPIProvider
1517244350316	addons.manager	DEBUG	Provider finished startup: XPIProvider
1517244350316	addons.manager	DEBUG	Starting provider: LightweightThemeManager
1517244350317	addons.manager	DEBUG	Registering shutdown blocker for LightweightThemeManager
1517244350318	addons.manager	DEBUG	Provider finished startup: LightweightThemeManager
1517244350320	addons.manager	DEBUG	Starting provider: GMPProvider
1517244351332	addons.manager	DEBUG	Registering shutdown blocker for GMPProvider
1517244351333	addons.manager	DEBUG	Provider finished startup: GMPProvider
1517244351333	addons.manager	DEBUG	Starting provider: PluginProvider
1517244351334	addons.manager	DEBUG	Registering shutdown blocker for PluginProvider
1517244351335	addons.manager	DEBUG	Provider finished startup: PluginProvider
1517244351336	addons.manager	DEBUG	Completed startup sequence
1517244360457	addons.manager	DEBUG	Starting provider: <unnamed-provider>
1517244360458	addons.manager	DEBUG	Registering shutdown blocker for <unnamed-provider>
1517244360458	addons.manager	DEBUG	Provider finished startup: <unnamed-provider>
1517244365108	DeferredSave.extensions.json	DEBUG	Starting write
1517244367274	addons.repository	DEBUG	No addons.json found.
1517244367276	DeferredSave.addons.json	DEBUG	Save changes
1517244367283	DeferredSave.addons.json	DEBUG	Starting timer
1517244367328	addons.manager	DEBUG	Starting provider: PreviousExperimentProvider
1517244367328	addons.manager	DEBUG	Registering shutdown blocker for PreviousExperimentProvider
1517244367329	addons.manager	DEBUG	Provider finished startup: PreviousExperimentProvider
1517244367361	DeferredSave.extensions.json	DEBUG	Write succeeded
1517244367361	addons.xpi-utils	DEBUG	XPI Database saved, setting schema version preference to 17
1517244367362	DeferredSave.addons.json	DEBUG	Starting write
1517244367463	DeferredSave.addons.json	DEBUG	Write succeeded

Build info: version: '2.52.0', revision: '4c2593c', time: '2016-02-11 19:06:42'
System info: host: 'pc1', ip: '192.168.0.102', os.name: 'Windows 8.1', os.arch: 'amd64', os.version: '6.3', java.version: '1.8.0_131'
Driver info: driver.version: FirefoxDriver
	at org.openqa.selenium.firefox.internal.NewProfileExtensionConnection.start(NewProfileExtensionConnection.java:124)
	at org.openqa.selenium.firefox.FirefoxDriver.startClient(FirefoxDriver.java:271)
	at org.openqa.selenium.remote.RemoteWebDriver.<init>(RemoteWebDriver.java:119)
	at org.openqa.selenium.firefox.FirefoxDriver.<init>(FirefoxDriver.java:218)
	at org.openqa.selenium.firefox.FirefoxDriver.<init>(FirefoxDriver.java:211)
	at org.openqa.selenium.firefox.FirefoxDriver.<init>(FirefoxDriver.java:207)
	at org.openqa.selenium.firefox.FirefoxDriver.<init>(FirefoxDriver.java:120)
	at jbk.log.jbklogin.getbrowser(jbklogin.java:33)
	at jbk.log.onlinejbk.Browser_up(onlinejbk.java:29)
	at sun.reflect.NativeMethodAccessorImpl.invoke0(Native Method)
	at sun.reflect.NativeMethodAccessorImpl.invoke(Unknown Source)
	at sun.reflect.DelegatingMethodAccessorImpl.invoke(Unknown Source)
	at java.lang.reflect.Method.invoke(Unknown Source)
	at org.testng.internal.MethodInvocationHelper.invokeMethod(MethodInvocationHelper.java:85)
	at org.testng.internal.Invoker.invokeMethod(Invoker.java:639)
	at org.testng.internal.Invoker.invokeTestMethod(Invoker.java:816)
	at org.testng.internal.Invoker.invokeTestMethods(Invoker.java:1124)
	at org.testng.internal.TestMethodWorker.invokeTestMethods(TestMethodWorker.java:125)
	at org.testng.internal.TestMethodWorker.run(TestMethodWorker.java:108)
	at org.testng.TestRunner.privateRun(TestRunner.java:774)
	at org.testng.TestRunner.run(TestRunner.java:624)
	at org.testng.SuiteRunner.runTest(SuiteRunner.java:359)
	at org.testng.SuiteRunner.runSequentially(SuiteRunner.java:354)
	at org.testng.SuiteRunner.privateRun(SuiteRunner.java:312)
	at org.testng.SuiteRunner.run(SuiteRunner.java:261)
	at org.testng.SuiteRunnerWorker.runSuite(SuiteRunnerWorker.java:52)
	at org.testng.SuiteRunnerWorker.run(SuiteRunnerWorker.java:86)
	at org.testng.TestNG.runSuitesSequentially(TestNG.java:1215)
	at org.testng.TestNG.runSuitesLocally(TestNG.java:1140)
	at org.testng.TestNG.run(TestNG.java:1048)
	at org.testng.remote.AbstractRemoteTestNG.run(AbstractRemoteTestNG.java:114)
	at org.testng.remote.RemoteTestNG.initAndRun(RemoteTestNG.java:251)
	at org.testng.remote.RemoteTestNG.main(RemoteTestNG.java:77)
Caused by: org.openqa.selenium.firefox.NotConnectedException: Unable to connect to host 127.0.0.1 on port 7057 after 45000 ms. Firefox console output:
":1517244327733,"updateDate":1517244327733,"applyBackgroundUpdates":1,"bootstrap":false,"size":3236332,"sourceURI":null,"releaseNotesURI":null,"softDisabled":false,"foreignInstall":true,"hasBinaryComponents":true,"strictCompatibility":false,"locales":[],"targetApplications":[{"id":"{ec8030f7-c20a-464f-9b0e-13a3a9e97384}","minVersion":"3.0","maxVersion":"47.0"}],"targetPlatforms":[{"os":"Darwin","abi":null},{"os":"SunOS","abi":null},{"os":"FreeBSD","abi":null},{"os":"OpenBSD","abi":null},{"os":"WINNT","abi":null},{"os":"Linux","abi":null}],"multiprocessCompatible":false,"signedState":0}
1517244350191	addons.xpi	DEBUG	getModTime: Recursive scan of fxdriver@googlecode.com
1517244350230	addons.xpi	DEBUG	Updating XPIState for {"id":"{972ce4c6-7e08-4474-a285-3208198ce6fd}","syncGUID":"WrxQ9h73Sqzy","location":"app-global","version":"43.0.1","type":"theme","internalName":"classic/1.0","updateURL":null,"updateKey":null,"optionsURL":null,"optionsType":null,"aboutURL":null,"iconURL":null,"icon64URL":null,"defaultLocale":{"name":"Default","description":"The default theme.","creator":"Mozilla","homepageURL":null,"contributors":["Mozilla Contributors"]},"visible":true,"active":true,"userDisabled":false,"appDisabled":false,"descriptor":"C:\\Program Files (x86)\\Mozilla Firefox\\browser\\extensions\\{972ce4c6-7e08-4474-a285-3208198ce6fd}","installDate":1508997498102,"updateDate":1508997498102,"applyBackgroundUpdates":1,"skinnable":true,"size":24172,"sourceURI":null,"releaseNotesURI":null,"softDisabled":false,"foreignInstall":false,"hasBinaryComponents":false,"strictCompatibility":true,"locales":[],"targetApplications":[{"id":"{ec8030f7-c20a-464f-9b0e-13a3a9e97384}","minVersion":"43.0.1","maxVersion":"43.0.1"}],"targetPlatforms":[]}
1517244350231	addons.xpi	DEBUG	getModTime: Recursive scan of {972ce4c6-7e08-4474-a285-3208198ce6fd}
1517244350238	DeferredSave.extensions.json	DEBUG	Save changes
1517244350239	addons.xpi	DEBUG	Updating database with changes to installed add-ons
1517244350239	addons.xpi-utils	DEBUG	Updating add-on states
1517244350245	addons.xpi-utils	DEBUG	Writing add-ons list
1517244350314	addons.manager	DEBUG	Registering shutdown blocker for XPIProvider
1517244350316	addons.manager	DEBUG	Provider finished startup: XPIProvider
1517244350316	addons.manager	DEBUG	Starting provider: LightweightThemeManager
1517244350317	addons.manager	DEBUG	Registering shutdown blocker for LightweightThemeManager
1517244350318	addons.manager	DEBUG	Provider finished startup: LightweightThemeManager
1517244350320	addons.manager	DEBUG	Starting provider: GMPProvider
1517244351332	addons.manager	DEBUG	Registering shutdown blocker for GMPProvider
1517244351333	addons.manager	DEBUG	Provider finished startup: GMPProvider
1517244351333	addons.manager	DEBUG	Starting provider: PluginProvider
1517244351334	addons.manager	DEBUG	Registering shutdown blocker for PluginProvider
1517244351335	addons.manager	DEBUG	Provider finished startup: PluginProvider
1517244351336	addons.manager	DEBUG	Completed startup sequence
1517244360457	addons.manager	DEBUG	Starting provider: <unnamed-provider>
1517244360458	addons.manager	DEBUG	Registering shutdown blocker for <unnamed-provider>
1517244360458	addons.manager	DEBUG	Provider finished startup: <unnamed-provider>
1517244365108	DeferredSave.extensions.json	DEBUG	Starting write
1517244367274	addons.repository	DEBUG	No addons.json found.
1517244367276	DeferredSave.addons.json	DEBUG	Save changes
1517244367283	DeferredSave.addons.json	DEBUG	Starting timer
1517244367328	addons.manager	DEBUG	Starting provider: PreviousExperimentProvider
1517244367328	addons.manager	DEBUG	Registering shutdown blocker for PreviousExperimentProvider
1517244367329	addons.manager	DEBUG	Provider finished startup: PreviousExperimentProvider
1517244367361	DeferredSave.extensions.json	DEBUG	Write succeeded
1517244367361	addons.xpi-utils	DEBUG	XPI Database saved, setting schema version preference to 17
1517244367362	DeferredSave.addons.json	DEBUG	Starting write
1517244367463	DeferredSave.addons.json	DEBUG	Write succeeded

	at org.openqa.selenium.firefox.internal.NewProfileExtensionConnection.start(NewProfileExtensionConnection.java:112)
	... 32 more
]]>
    </error>
  </testcase> <!-- Browser_up -->
</testsuite> <!-- jbk.log.onlinejbk -->
